This file contains any messages produced by compilers while
running configure, to aid debugging if configure makes a mistake.

It was created by provean configure 1.1.5, which was
generated by GNU Autoconf 2.69.  Invocation command line was

  $ ./configure CDHIT=/work/NBS/extra_tools/cdhit/cd-hit BLASTDBCMD=/work/NBS/extra_tools/ncbi-blast-2.12.0+/bin/blastdbcmd PSIBLAST=/work/NBS/extra_tools/ncbi-blast-2.12.0+/bin/psiblast BLAST_DB=/work/NBS/databases/nr_v4/nr_v4

## --------- ##
## Platform. ##
## --------- ##

hostname = dshs4wvbioinf2
uname -m = x86_64
uname -r = 5.4.0-1049-aws
uname -s = Linux
uname -v = #51~18.04.1-Ubuntu SMP Fri May 14 18:38:46 UTC 2021

/usr/bin/uname -p = unknown
/bin/uname -X     = unknown

/bin/arch              = unknown
/usr/bin/arch -k       = unknown
/usr/convex/getsysinfo = unknown
/usr/bin/hostinfo      = unknown
/bin/machine           = unknown
/usr/bin/oslevel       = unknown
/bin/universe          = unknown

PATH: /home/sammar/software/apifiles
PATH: /home/lab/.local/bin
PATH: /home/klong/perl5/bin
PATH: /home/klong/miniconda3/condabin
PATH: /usr/local/sbin
PATH: /usr/local/bin
PATH: /usr/sbin
PATH: /usr/bin
PATH: /sbin
PATH: /bin
PATH: /usr/games
PATH: /usr/local/games
PATH: /snap/bin
PATH: /home/klong/edirect


## ----------- ##
## Core tests. ##
## ----------- ##

configure:1836: checking for a BSD-compatible install
configure:1904: result: /usr/bin/install -c
configure:1915: checking whether build environment is sane
configure:1970: result: yes
configure:2008: WARNING: 'missing' script is too old or missing
configure:2121: checking for a thread-safe mkdir -p
configure:2160: result: /bin/mkdir -p
configure:2167: checking for gawk
configure:2183: found /usr/bin/gawk
configure:2194: result: gawk
configure:2205: checking whether make sets $(MAKE)
configure:2227: result: yes
configure:2256: checking whether make supports nested variables
configure:2273: result: yes
configure:2410: checking for g++
configure:2426: found /usr/bin/g++
configure:2437: result: g++
configure:2464: checking for C++ compiler version
configure:2473: g++ --version >&5
g++ (Ubuntu 7.5.0-3ubuntu1~18.04) 7.5.0
Copyright (C) 2017 Free Software Foundation, Inc.
This is free software; see the source for copying conditions.  There is NO
warranty; not even for MERCHANTABILITY or FITNESS FOR A PARTICULAR PURPOSE.

configure:2484: $? = 0
configure:2473: g++ -v >&5
Using built-in specs.
COLLECT_GCC=g++
COLLECT_LTO_WRAPPER=/usr/lib/gcc/x86_64-linux-gnu/7/lto-wrapper
OFFLOAD_TARGET_NAMES=nvptx-none
OFFLOAD_TARGET_DEFAULT=1
Target: x86_64-linux-gnu
Configured with: ../src/configure -v --with-pkgversion='Ubuntu 7.5.0-3ubuntu1~18.04' --with-bugurl=file:///usr/share/doc/gcc-7/README.Bugs --enable-languages=c,ada,c++,go,brig,d,fortran,objc,obj-c++ --prefix=/usr --with-gcc-major-version-only --program-suffix=-7 --program-prefix=x86_64-linux-gnu- --enable-shared --enable-linker-build-id --libexecdir=/usr/lib --without-included-gettext --enable-threads=posix --libdir=/usr/lib --enable-nls --enable-bootstrap --enable-clocale=gnu --enable-libstdcxx-debug --enable-libstdcxx-time=yes --with-default-libstdcxx-abi=new --enable-gnu-unique-object --disable-vtable-verify --enable-libmpx --enable-plugin --enable-default-pie --with-system-zlib --with-target-system-zlib --enable-objc-gc=auto --enable-multiarch --disable-werror --with-arch-32=i686 --with-abi=m64 --with-multilib-list=m32,m64,mx32 --enable-multilib --with-tune=generic --enable-offload-targets=nvptx-none --without-cuda-driver --enable-checking=release --build=x86_64-linux-gnu --host=x86_64-linux-gnu --target=x86_64-linux-gnu
Thread model: posix
gcc version 7.5.0 (Ubuntu 7.5.0-3ubuntu1~18.04) 
configure:2484: $? = 0
configure:2473: g++ -V >&5
g++: error: unrecognized command line option '-V'
g++: fatal error: no input files
compilation terminated.
configure:2484: $? = 1
configure:2473: g++ -qversion >&5
g++: error: unrecognized command line option '-qversion'; did you mean '--version'?
g++: fatal error: no input files
compilation terminated.
configure:2484: $? = 1
configure:2504: checking whether the C++ compiler works
configure:2526: g++    conftest.cpp  >&5
configure:2530: $? = 0
configure:2578: result: yes
configure:2581: checking for C++ compiler default output file name
configure:2583: result: a.out
configure:2589: checking for suffix of executables
configure:2596: g++ -o conftest    conftest.cpp  >&5
configure:2600: $? = 0
configure:2622: result: 
configure:2644: checking whether we are cross compiling
configure:2652: g++ -o conftest    conftest.cpp  >&5
configure:2656: $? = 0
configure:2663: ./conftest
configure:2667: $? = 0
configure:2682: result: no
configure:2687: checking for suffix of object files
configure:2709: g++ -c   conftest.cpp >&5
configure:2713: $? = 0
configure:2734: result: o
configure:2738: checking whether we are using the GNU C++ compiler
configure:2757: g++ -c   conftest.cpp >&5
configure:2757: $? = 0
configure:2766: result: yes
configure:2775: checking whether g++ accepts -g
configure:2795: g++ -c -g  conftest.cpp >&5
configure:2795: $? = 0
configure:2836: result: yes
configure:2870: checking for style of include used by make
configure:2898: result: GNU
configure:2924: checking dependency style of g++
configure:3035: result: gcc3
configure:3058: checking for psiblast
configure:3089: result: /work/NBS/extra_tools/ncbi-blast-2.12.0+/bin/psiblast
configure:3105: checking for cd-hit
configure:3136: result: /work/NBS/extra_tools/cdhit/cd-hit
configure:3152: checking for blastdbcmd
configure:3183: result: /work/NBS/extra_tools/ncbi-blast-2.12.0+/bin/blastdbcmd
configure:3307: checking that generated files are newer than configure
configure:3313: result: done
configure:3336: creating ./config.status

## ---------------------- ##
## Running config.status. ##
## ---------------------- ##

This file was extended by provean config.status 1.1.5, which was
generated by GNU Autoconf 2.69.  Invocation command line was

  CONFIG_FILES    = 
  CONFIG_HEADERS  = 
  CONFIG_LINKS    = 
  CONFIG_COMMANDS = 
  $ ./config.status 

on dshs4wvbioinf2

config.status:846: creating Makefile
config.status:846: creating src/Makefile
config.status:846: creating scripts/Makefile
config.status:846: creating examples/Makefile
config.status:846: creating config.h
config.status:1075: executing depfiles commands

## ---------------- ##
## Cache variables. ##
## ---------------- ##

ac_cv_cxx_compiler_gnu=yes
ac_cv_env_CCC_set=
ac_cv_env_CCC_value=
ac_cv_env_CPPFLAGS_set=
ac_cv_env_CPPFLAGS_value=
ac_cv_env_CXXFLAGS_set=
ac_cv_env_CXXFLAGS_value=
ac_cv_env_CXX_set=
ac_cv_env_CXX_value=
ac_cv_env_LDFLAGS_set=
ac_cv_env_LDFLAGS_value=
ac_cv_env_LIBS_set=
ac_cv_env_LIBS_value=
ac_cv_env_build_alias_set=
ac_cv_env_build_alias_value=
ac_cv_env_host_alias_set=
ac_cv_env_host_alias_value=
ac_cv_env_target_alias_set=
ac_cv_env_target_alias_value=
ac_cv_objext=o
ac_cv_path_BLASTDBCMD=/work/NBS/extra_tools/ncbi-blast-2.12.0+/bin/blastdbcmd
ac_cv_path_CDHIT=/work/NBS/extra_tools/cdhit/cd-hit
ac_cv_path_PSIBLAST=/work/NBS/extra_tools/ncbi-blast-2.12.0+/bin/psiblast
ac_cv_path_install='/usr/bin/install -c'
ac_cv_path_mkdir=/bin/mkdir
ac_cv_prog_AWK=gawk
ac_cv_prog_ac_ct_CXX=g++
ac_cv_prog_cxx_g=yes
ac_cv_prog_make_make_set=yes
am_cv_CXX_dependencies_compiler_type=gcc3
am_cv_make_support_nested_variables=yes

## ----------------- ##
## Output variables. ##
## ----------------- ##

ACLOCAL='aclocal-1.13'
AMDEPBACKSLASH='\'
AMDEP_FALSE='#'
AMDEP_TRUE=''
AMTAR='$${TAR-tar}'
AM_BACKSLASH='\'
AM_DEFAULT_V='$(AM_DEFAULT_VERBOSITY)'
AM_DEFAULT_VERBOSITY='1'
AM_V='$(V)'
AUTOCONF='autoconf'
AUTOHEADER='autoheader'
AUTOMAKE='automake-1.13'
AWK='gawk'
BLASTDBCMD='/work/NBS/extra_tools/ncbi-blast-2.12.0+/bin/blastdbcmd'
BLAST_DB='/work/NBS/databases/nr_v4/nr_v4'
CDHIT='/work/NBS/extra_tools/cdhit/cd-hit'
CPPFLAGS=''
CXX='g++'
CXXDEPMODE='depmode=gcc3'
CXXFLAGS='-g -O2'
CYGPATH_W='echo'
DEFS='-DHAVE_CONFIG_H'
DEPDIR='.deps'
ECHO_C=''
ECHO_N='-n'
ECHO_T=''
EXEEXT=''
INSTALL_DATA='${INSTALL} -m 644'
INSTALL_PROGRAM='${INSTALL}'
INSTALL_SCRIPT='${INSTALL}'
INSTALL_STRIP_PROGRAM='$(install_sh) -c -s'
LDFLAGS=''
LIBOBJS=''
LIBS=''
LTLIBOBJS=''
MAKEINFO='makeinfo'
MKDIR_P='/bin/mkdir -p'
OBJEXT='o'
PACKAGE='provean'
PACKAGE_BUGREPORT='ychoi@jcvi.org'
PACKAGE_NAME='provean'
PACKAGE_STRING='provean 1.1.5'
PACKAGE_TARNAME='provean'
PACKAGE_URL=''
PACKAGE_VERSION='1.1.5'
PATH_SEPARATOR=':'
PSIBLAST='/work/NBS/extra_tools/ncbi-blast-2.12.0+/bin/psiblast'
SET_MAKE=''
SHELL='/bin/bash'
STRIP=''
VERSION='1.1.5'
ac_ct_CXX='g++'
am__EXEEXT_FALSE=''
am__EXEEXT_TRUE='#'
am__fastdepCXX_FALSE='#'
am__fastdepCXX_TRUE=''
am__include='include'
am__isrc=''
am__leading_dot='.'
am__nodep='_no'
am__quote=''
am__tar='$${TAR-tar} chof - "$$tardir"'
am__untar='$${TAR-tar} xf -'
bindir='${exec_prefix}/bin'
build_alias=''
datadir='${datarootdir}'
datarootdir='${prefix}/share'
docdir='${datarootdir}/doc/${PACKAGE_TARNAME}'
dvidir='${docdir}'
exec_prefix='${prefix}'
host_alias=''
htmldir='${docdir}'
includedir='${prefix}/include'
infodir='${datarootdir}/info'
install_sh='${SHELL} /work/NBS/provean-1.1.5/install-sh'
libdir='${exec_prefix}/lib'
libexecdir='${exec_prefix}/libexec'
localedir='${datarootdir}/locale'
localstatedir='${prefix}/var'
mandir='${datarootdir}/man'
mkdir_p='$(MKDIR_P)'
oldincludedir='/usr/include'
pdfdir='${docdir}'
prefix='/usr/local'
program_transform_name='s,x,x,'
psdir='${docdir}'
sbindir='${exec_prefix}/sbin'
sharedstatedir='${prefix}/com'
sysconfdir='${prefix}/etc'
target_alias=''

## ----------- ##
## confdefs.h. ##
## ----------- ##

/* confdefs.h */
#define PACKAGE_NAME "provean"
#define PACKAGE_TARNAME "provean"
#define PACKAGE_VERSION "1.1.5"
#define PACKAGE_STRING "provean 1.1.5"
#define PACKAGE_BUGREPORT "ychoi@jcvi.org"
#define PACKAGE_URL ""
#define PACKAGE "provean"
#define VERSION "1.1.5"

configure: exit 0
